[0302/231410.533:ERROR:process_memory_win.cc(73)] ReadMemory at 0x232734d3730 of 72 bytes failed: Only part of a ReadProcessMemory or WriteProcessMemory request was completed. (0x12B)
[0302/231414.452:WARNING:pe_image_annotations_reader.cc(134)] could not read annotations list object in C:\Program Files (x86)\Google\Chrome\Application\80.0.3987.122\chrome_elf.dll
[0302/231414.453:ERROR:process_memory_win.cc(73)] ReadMemory at 0x7ffc783c0000 of 64 bytes failed: Only part of a ReadProcessMemory or WriteProcessMemory request was completed. (0x12B)
[0302/231414.453:WARNING:pe_image_reader.cc(340)] could not read dos header from C:\WINDOWS\SYSTEM32\VERSION.dll
[0302/231414.453:ERROR:process_memory_win.cc(73)] ReadMemory at 0x7ffc805a0000 of 64 bytes failed: Only part of a ReadProcessMemory or WriteProcessMemory request was completed. (0x12B)
[0302/231415.122:WARNING:pe_image_reader.cc(340)] could not read dos header from C:\WINDOWS\System32\msvcrt.dll
[0302/231415.122:ERROR:process_memory_win.cc(73)] ReadMemory at 0x7ffc7e210000 of 64 bytes failed: Only part of a ReadProcessMemory or WriteProcessMemory request was completed. (0x12B)
[0302/231415.122:WARNING:pe_image_reader.cc(340)] could not read dos header from C:\WINDOWS\System32\bcryptPrimitives.dll
[0302/231415.122:ERROR:process_memory_win.cc(73)] ReadMemory at 0x7ffc804f0000 of 64 bytes failed: Only part of a ReadProcessMemory or WriteProcessMemory request was completed. (0x12B)
[0302/231415.122:WARNING:pe_image_reader.cc(340)] could not read dos header from C:\WINDOWS\System32\ADVAPI32.dll
[0302/231415.122:ERROR:process_memory_win.cc(73)] ReadMemory at 0x7ffc7e340000 of 64 bytes failed: Only part of a ReadProcessMemory or WriteProcessMemory request was completed. (0x12B)
[0302/231415.122:WARNING:pe_image_reader.cc(340)] could not read dos header from C:\WINDOWS\System32\sechost.dll
[0302/231415.122:ERROR:process_memory_win.cc(73)] ReadMemory at 0x7ffc7ffc0000 of 64 bytes failed: Only part of a ReadProcessMemory or WriteProcessMemory request was completed. (0x12B)
[0302/231415.122:WARNING:pe_image_reader.cc(340)] could not read dos header from C:\WINDOWS\System32\RPCRT4.dll
[0302/231415.122:ERROR:process_memory_win.cc(73)] ReadMemory at 0x7ffc349c0000 of 64 bytes failed: Only part of a ReadProcessMemory or WriteProcessMemory request was completed. (0x12B)
[0302/231415.123:WARNING:pe_image_reader.cc(340)] could not read dos header from C:\Program Files (x86)\Google\Chrome\Application\80.0.3987.122\chrome.dll
[0302/231415.123:ERROR:process_memory_win.cc(73)] ReadMemory at 0x7ffc80910000 of 64 bytes failed: Only part of a ReadProcessMemory or WriteProcessMemory request was completed. (0x12B)
[0302/231415.123:WARNING:pe_image_reader.cc(340)] could not read dos header from C:\WINDOWS\System32\WS2_32.dll
[0302/231415.123:ERROR:process_memory_win.cc(73)] ReadMemory at 0x7ffc80400000 of 64 bytes failed: Only part of a ReadProcessMemory or WriteProcessMemory request was completed. (0x12B)
[0302/231415.123:WARNING:pe_image_reader.cc(340)] could not read dos header from C:\WINDOWS\System32\OLEAUT32.dll
[0302/231415.123:ERROR:process_memory_win.cc(73)] ReadMemory at 0x7ffc7d9f0000 of 64 bytes failed: Only part of a ReadProcessMemory or WriteProcessMemory request was completed. (0x12B)
[0302/231415.123:WARNING:pe_image_reader.cc(340)] could not read dos header from C:\WINDOWS\System32\msvcp_win.dll
[0302/231415.123:ERROR:process_memory_win.cc(73)] ReadMemory at 0x7ffc7d220000 of 64 bytes failed: Only part of a ReadProcessMemory or WriteProcessMemory request was completed. (0x12B)
[0302/231415.123:WARNING:pe_image_reader.cc(340)] could not read dos header from C:\WINDOWS\System32\ucrtbase.dll
[0302/231415.123:ERROR:process_memory_win.cc(73)] ReadMemory at 0x7ffc7f9a0000 of 64 bytes failed: Only part of a ReadProcessMemory or WriteProcessMemory request was completed. (0x12B)
[0302/231415.123:WARNING:pe_image_reader.cc(340)] could not read dos header from C:\WINDOWS\System32\combase.dll
[0302/231415.123:ERROR:process_memory_win.cc(73)] ReadMemory at 0x7ffc7d7b0000 of 64 bytes failed: Only part of a ReadProcessMemory or WriteProcessMemory request was completed. (0x12B)
[0302/231415.123:WARNING:pe_image_reader.cc(340)] could not read dos header from C:\WINDOWS\System32\WINTRUST.dll
[0302/231415.123:ERROR:process_memory_win.cc(73)] ReadMemory at 0x7ffc7d1c0000 of 64 bytes failed: Only part of a ReadProcessMemory or WriteProcessMemory request was completed. (0x12B)
[0302/231415.123:WARNING:pe_image_reader.cc(340)] could not read dos header from C:\WINDOWS\System32\MSASN1.dll
[0302/231415.123:ERROR:process_memory_win.cc(73)] ReadMemory at 0x7ffc7d810000 of 64 bytes failed: Only part of a ReadProcessMemory or WriteProcessMemory request was completed. (0x12B)
[0302/231415.123:WARNING:pe_image_reader.cc(340)] could not read dos header from C:\WINDOWS\System32\CRYPT32.dll
[0302/231415.123:ERROR:process_memory_win.cc(73)] ReadMemory at 0x7ffc7c6a0000 of 64 bytes failed: Only part of a ReadProcessMemory or WriteProcessMemory request was completed. (0x12B)
[0302/231415.123:WARNING:pe_image_reader.cc(340)] could not read dos header from C:\WINDOWS\SYSTEM32\IPHLPAPI.DLL
[0302/231415.123:ERROR:process_memory_win.cc(73)] ReadMemory at 0x7ffc7aea0000 of 64 bytes failed: Only part of a ReadProcessMemory or WriteProcessMemory request was completed. (0x12B)
[0302/231415.123:WARNING:pe_image_reader.cc(340)] could not read dos header from C:\WINDOWS\SYSTEM32\WINMM.dll
[0302/231415.123:ERROR:process_memory_win.cc(73)] ReadMemory at 0x7ffc70ea0000 of 64 bytes failed: Only part of a ReadProcessMemory or WriteProcessMemory request was completed. (0x12B)
[0302/231415.124:WARNING:pe_image_reader.cc(340)] could not read dos header from C:\WINDOWS\SYSTEM32\Secur32.dll
[0302/231415.124:ERROR:process_memory_win.cc(73)] ReadMemory at 0x7ffc7d010000 of 64 bytes failed: Only part of a ReadProcessMemory or WriteProcessMemory request was completed. (0x12B)
[0302/231415.124:WARNING:pe_image_reader.cc(340)] could not read dos header from C:\WINDOWS\SYSTEM32\USERENV.dll
[0302/231415.124:ERROR:process_memory_win.cc(73)] ReadMemory at 0x7ffc7d190000 of 64 bytes failed: Only part of a ReadProcessMemory or WriteProcessMemory request was completed. (0x12B)
[0302/231415.124:WARNING:pe_image_reader.cc(340)] could not read dos header from C:\WINDOWS\System32\profapi.dll
[0302/231415.124:ERROR:process_memory_win.cc(73)] ReadMemory at 0x7ffc5f410000 of 64 bytes failed: Only part of a ReadProcessMemory or WriteProcessMemory request was completed. (0x12B)
[0302/231415.124:WARNING:pe_image_reader.cc(340)] could not read dos header from C:\WINDOWS\SYSTEM32\UIAutomationCore.DLL
[0302/231415.124:ERROR:process_memory_win.cc(73)] ReadMemory at 0x7ffc6c580000 of 64 bytes failed: Only part of a ReadProcessMemory or WriteProcessMemory request was completed. (0x12B)
[0302/231415.124:WARNING:pe_image_reader.cc(340)] could not read dos header from C:\WINDOWS\SYSTEM32\DWrite.dll
[0302/231415.124:ERROR:process_memory_win.cc(73)] ReadMemory at 0x7ffc68160000 of 64 bytes failed: Only part of a ReadProcessMemory or WriteProcessMemory request was completed. (0x12B)
[0302/231415.124:WARNING:pe_image_reader.cc(340)] could not read dos header from C:\WINDOWS\SYSTEM32\WINSPOOL.DRV
[0302/231415.124:ERROR:process_memory_win.cc(73)] ReadMemory at 0x7ffc7d110000 of 64 bytes failed: Only part of a ReadProcessMemory or WriteProcessMemory request was completed. (0x12B)
[0302/231415.124:WARNING:pe_image_reader.cc(340)] could not read dos header from C:\WINDOWS\System32\kernel.appcore.dll
[0302/231415.124:ERROR:process_memory_win.cc(73)] ReadMemory at 0x7ffc7e1e0000 of 64 bytes failed: Only part of a ReadProcessMemory or WriteProcessMemory request was completed. (0x12B)
[0302/231415.124:WARNING:pe_image_reader.cc(340)] could not read dos header from C:\WINDOWS\System32\bcrypt.dll
[0302/231415.124:ERROR:process_memory_win.cc(73)] ReadMemory at 0x7ffc70f00000 of 64 bytes failed: Only part of a ReadProcessMemory or WriteProcessMemory request was completed. (0x12B)
[0302/231415.124:WARNING:pe_image_reader.cc(340)] could not read dos header from C:\WINDOWS\SYSTEM32\dbghelp.dll
[0302/231415.124:ERROR:process_memory_win.cc(73)] ReadMemory at 0x7ffc73240000 of 64 bytes failed: Only part of a ReadProcessMemory or WriteProcessMemory request was completed. (0x12B)
[0302/231415.124:WARNING:pe_image_reader.cc(340)] could not read dos header from C:\WINDOWS\SYSTEM32\WINHTTP.dll
[0302/231415.124:ERROR:process_memory_win.cc(73)] ReadMemory at 0x7ffc77e90000 of 64 bytes failed: Only part of a ReadProcessMemory or WriteProcessMemory request was completed. (0x12B)
[0302/231415.124:WARNING:pe_image_reader.cc(340)] could not read dos header from C:\WINDOWS\SYSTEM32\dhcpcsvc.DLL
[0302/231415.124:ERROR:process_memory_win.cc(73)] ReadMemory at 0x7ffc7fe80000 of 64 bytes failed: Only part of a ReadProcessMemory or WriteProcessMemory request was completed. (0x12B)
[0302/231415.124:WARNING:pe_image_reader.cc(340)] could not read dos header from C:\WINDOWS\System32\NSI.dll
[0302/231415.124:ERROR:process_memory_win.cc(73)] ReadMemory at 0x7ffc7ae70000 of 64 bytes failed: Only part of a ReadProcessMemory or WriteProcessMemory request was completed. (0x12B)
[0302/231415.124:WARNING:pe_image_reader.cc(340)] could not read dos header from C:\WINDOWS\SYSTEM32\WINMMBASE.dll
[0302/231415.124:ERROR:process_memory_win.cc(73)] ReadMemory at 0x7ffc7d760000 of 64 bytes failed: Only part of a ReadProcessMemory or WriteProcessMemory request was completed. (0x12B)
[0302/231415.124:WARNING:pe_image_reader.cc(340)] could not read dos header from C:\WINDOWS\System32\cfgmgr32.dll
[0302/231415.126:ERROR:process_memory_win.cc(73)] ReadMemory at 0x7ffc6f740000 of 64 bytes failed: Only part of a ReadProcessMemory or WriteProcessMemory request was completed. (0x12B)
[0302/231415.126:WARNING:pe_image_reader.cc(340)] could not read dos header from C:\WINDOWS\SYSTEM32\Bcp47Langs.dll
[0302/231415.126:ERROR:process_memory_win.cc(73)] ReadMemory at 0x7ffc7a790000 of 64 bytes failed: Only part of a ReadProcessMemory or WriteProcessMemory request was completed. (0x12B)
[0302/231415.126:WARNING:pe_image_reader.cc(340)] could not read dos header from C:\WINDOWS\SYSTEM32\PROPSYS.dll
[0302/231415.126:ERROR:process_memory_win.cc(73)] ReadMemory at 0x7ffc80f90000 of 64 bytes failed: Only part of a ReadProcessMemory or WriteProcessMemory request was completed. (0x12B)
[0302/231415.126:WARNING:pe_image_reader.cc(340)] could not read dos header from C:\WINDOWS\System32\shcore.dll
[0302/231415.126:ERROR:process_memory_win.cc(73)] ReadMemory at 0x7ffc7d040000 of 64 bytes failed: Only part of a ReadProcessMemory or WriteProcessMemory request was completed. (0x12B)
[0302/231415.126:WARNING:pe_image_reader.cc(340)] could not read dos header from C:\WINDOWS\SYSTEM32\SSPICLI.DLL
[0302/231415.126:ERROR:process_memory_win.cc(73)] ReadMemory at 0x7ffc7cb50000 of 64 bytes failed: Only part of a ReadProcessMemory or WriteProcessMemory request was completed. (0x12B)
[0302/231415.126:WARNING:pe_image_reader.cc(340)] could not read dos header from C:\WINDOWS\SYSTEM32\CRYPTBASE.DLL
[0302/231415.126:ERROR:process_memory_win.cc(73)] ReadMemory at 0x7ff600d90000 of 64 bytes failed: Only part of a ReadProcessMemory or WriteProcessMemory request was completed. (0x12B)
[0302/231415.126:WARNING:pe_image_reader.cc(340)] could not read dos header from C:\Program Files (x86)\Google\Chrome\Application\chrome.exe
[0302/231415.126:ERROR:process_memory_win.cc(73)] ReadMemory at 0x7ffc81120000 of 64 bytes failed: Only part of a ReadProcessMemory or WriteProcessMemory request was completed. (0x12B)
[0302/231415.126:WARNING:pe_image_reader.cc(340)] could not read dos header from C:\WINDOWS\SYSTEM32\ntdll.dll
[0302/231415.126:ERROR:process_memory_win.cc(73)] ReadMemory at 0x7ffc807f0000 of 64 bytes failed: Only part of a ReadProcessMemory or WriteProcessMemory request was completed. (0x12B)
[0302/231415.126:WARNING:pe_image_reader.cc(340)] could not read dos header from C:\WINDOWS\System32\KERNEL32.DLL
[0302/231415.126:ERROR:process_memory_win.cc(73)] ReadMemory at 0x7ffc7d4c0000 of 64 bytes failed: Only part of a ReadProcessMemory or WriteProcessMemory request was completed. (0x12B)
[0302/231415.126:WARNING:pe_image_reader.cc(340)] could not read dos header from C:\WINDOWS\System32\KERNELBASE.dll
[0302/231415.126:ERROR:process_memory_win.cc(73)] ReadMemory at 0x7ffc6a910000 of 64 bytes failed: Only part of a ReadProcessMemory or WriteProcessMemory request was completed. (0x12B)
[0302/231415.126:WARNING:pe_image_reader.cc(340)] could not read dos header from C:\Program Files (x86)\Google\Chrome\Application\80.0.3987.122\chrome_elf.dll
[0302/231415.126:ERROR:process_memory_win.cc(73)] ReadMemory at 0x7ffc783c0000 of 64 bytes failed: Only part of a ReadProcessMemory or WriteProcessMemory request was completed. (0x12B)
[0302/231415.126:WARNING:pe_image_reader.cc(340)] could not read dos header from C:\WINDOWS\SYSTEM32\VERSION.dll
[0302/231415.126:ERROR:process_memory_win.cc(73)] ReadMemory at 0x7ffc805a0000 of 64 bytes failed: Only part of a ReadProcessMemory or WriteProcessMemory request was completed. (0x12B)
[0302/231415.126:WARNING:pe_image_reader.cc(340)] could not read dos header from C:\WINDOWS\System32\msvcrt.dll
[0302/231415.126:ERROR:process_memory_win.cc(73)] ReadMemory at 0x7ffc7e210000 of 64 bytes failed: Only part of a ReadProcessMemory or WriteProcessMemory request was completed. (0x12B)
[0302/231415.126:WARNING:pe_image_reader.cc(340)] could not read dos header from C:\WINDOWS\System32\bcryptPrimitives.dll
[0302/231415.126:ERROR:process_memory_win.cc(73)] ReadMemory at 0x7ffc804f0000 of 64 bytes failed: Only part of a ReadProcessMemory or WriteProcessMemory request was completed. (0x12B)
[0302/231415.126:WARNING:pe_image_reader.cc(340)] could not read dos header from C:\WINDOWS\System32\ADVAPI32.dll
[0302/231415.126:ERROR:process_memory_win.cc(73)] ReadMemory at 0x7ffc7e340000 of 64 bytes failed: Only part of a ReadProcessMemory or WriteProcessMemory request was completed. (0x12B)
[0302/231415.126:WARNING:pe_image_reader.cc(340)] could not read dos header from C:\WINDOWS\System32\sechost.dll
[0302/231415.126:ERROR:process_memory_win.cc(73)] ReadMemory at 0x7ffc7ffc0000 of 64 bytes failed: Only part of a ReadProcessMemory or WriteProcessMemory request was completed. (0x12B)
[0302/231415.126:WARNING:pe_image_reader.cc(340)] could not read dos header from C:\WINDOWS\System32\RPCRT4.dll
[0302/231415.126:ERROR:process_memory_win.cc(73)] ReadMemory at 0x7ffc349c0000 of 64 bytes failed: Only part of a ReadProcessMemory or WriteProcessMemory request was completed. (0x12B)
[0302/231415.126:WARNING:pe_image_reader.cc(340)] could not read dos header from C:\Program Files (x86)\Google\Chrome\Application\80.0.3987.122\chrome.dll
[0302/231415.126:ERROR:process_memory_win.cc(73)] ReadMemory at 0x7ffc80910000 of 64 bytes failed: Only part of a ReadProcessMemory or WriteProcessMemory request was completed. (0x12B)
[0302/231415.126:WARNING:pe_image_reader.cc(340)] could not read dos header from C:\WINDOWS\System32\WS2_32.dll
[0302/231415.126:ERROR:process_memory_win.cc(73)] ReadMemory at 0x7ffc80400000 of 64 bytes failed: Only part of a ReadProcessMemory or WriteProcessMemory request was completed. (0x12B)
[0302/231415.126:WARNING:pe_image_reader.cc(340)] could not read dos header from C:\WINDOWS\System32\OLEAUT32.dll
[0302/231415.126:ERROR:process_memory_win.cc(73)] ReadMemory at 0x7ffc7d9f0000 of 64 bytes failed: Only part of a ReadProcessMemory or WriteProcessMemory request was completed. (0x12B)
[0302/231415.126:WARNING:pe_image_reader.cc(340)] could not read dos header from C:\WINDOWS\System32\msvcp_win.dll
[0302/231415.126:ERROR:process_memory_win.cc(73)] ReadMemory at 0x7ffc7d220000 of 64 bytes failed: Only part of a ReadProcessMemory or WriteProcessMemory request was completed. (0x12B)
[0302/231415.126:WARNING:pe_image_reader.cc(340)] could not read dos header from C:\WINDOWS\System32\ucrtbase.dll
[0302/231415.126:ERROR:process_memory_win.cc(73)] ReadMemory at 0x7ffc7f9a0000 of 64 bytes failed: Only part of a ReadProcessMemory or WriteProcessMemory request was completed. (0x12B)
[0302/231415.126:WARNING:pe_image_reader.cc(340)] could not read dos header from C:\WINDOWS\System32\combase.dll
[0302/231415.127:ERROR:process_memory_win.cc(73)] ReadMemory at 0x7ffc7d7b0000 of 64 bytes failed: Only part of a ReadProcessMemory or WriteProcessMemory request was completed. (0x12B)
[0302/231415.127:WARNING:pe_image_reader.cc(340)] could not read dos header from C:\WINDOWS\System32\WINTRUST.dll
[0302/231415.127:ERROR:process_memory_win.cc(73)] ReadMemory at 0x7ffc7d1c0000 of 64 bytes failed: Only part of a ReadProcessMemory or WriteProcessMemory request was completed. (0x12B)
[0302/231415.127:WARNING:pe_image_reader.cc(340)] could not read dos header from C:\WINDOWS\System32\MSASN1.dll
[0302/231415.127:ERROR:process_memory_win.cc(73)] ReadMemory at 0x7ffc7d810000 of 64 bytes failed: Only part of a ReadProcessMemory or WriteProcessMemory request was completed. (0x12B)
[0302/231415.127:WARNING:pe_image_reader.cc(340)] could not read dos header from C:\WINDOWS\System32\CRYPT32.dll
[0302/231415.127:ERROR:process_memory_win.cc(73)] ReadMemory at 0x7ffc7c6a0000 of 64 bytes failed: Only part of a ReadProcessMemory or WriteProcessMemory request was completed. (0x12B)
[0302/231415.127:WARNING:pe_image_reader.cc(340)] could not read dos header from C:\WINDOWS\SYSTEM32\IPHLPAPI.DLL
[0302/231415.127:ERROR:process_memory_win.cc(73)] ReadMemory at 0x7ffc7aea0000 of 64 bytes failed: Only part of a ReadProcessMemory or WriteProcessMemory request was completed. (0x12B)
[0302/231415.127:WARNING:pe_image_reader.cc(340)] could not read dos header from C:\WINDOWS\SYSTEM32\WINMM.dll
[0302/231415.127:ERROR:process_memory_win.cc(73)] ReadMemory at 0x7ffc70ea0000 of 64 bytes failed: Only part of a ReadProcessMemory or WriteProcessMemory request was completed. (0x12B)
[0302/231415.127:WARNING:pe_image_reader.cc(340)] could not read dos header from C:\WINDOWS\SYSTEM32\Secur32.dll
[0302/231415.127:ERROR:process_memory_win.cc(73)] ReadMemory at 0x7ffc7d010000 of 64 bytes failed: Only part of a ReadProcessMemory or WriteProcessMemory request was completed. (0x12B)
[0302/231415.127:WARNING:pe_image_reader.cc(340)] could not read dos header from C:\WINDOWS\SYSTEM32\USERENV.dll
[0302/231415.127:ERROR:process_memory_win.cc(73)] ReadMemory at 0x7ffc7d190000 of 64 bytes failed: Only part of a ReadProcessMemory or WriteProcessMemory request was completed. (0x12B)
[0302/231415.127:WARNING:pe_image_reader.cc(340)] could not read dos header from C:\WINDOWS\System32\profapi.dll
[0302/231415.127:ERROR:process_memory_win.cc(73)] ReadMemory at 0x7ffc5f410000 of 64 bytes failed: Only part of a ReadProcessMemory or WriteProcessMemory request was completed. (0x12B)
[0302/231415.127:WARNING:pe_image_reader.cc(340)] could not read dos header from C:\WINDOWS\SYSTEM32\UIAutomationCore.DLL
[0302/231415.127:ERROR:process_memory_win.cc(73)] ReadMemory at 0x7ffc6c580000 of 64 bytes failed: Only part of a ReadProcessMemory or WriteProcessMemory request was completed. (0x12B)
[0302/231415.127:WARNING:pe_image_reader.cc(340)] could not read dos header from C:\WINDOWS\SYSTEM32\DWrite.dll
[0302/231415.127:ERROR:process_memory_win.cc(73)] ReadMemory at 0x7ffc68160000 of 64 bytes failed: Only part of a ReadProcessMemory or WriteProcessMemory request was completed. (0x12B)
[0302/231415.127:WARNING:pe_image_reader.cc(340)] could not read dos header from C:\WINDOWS\SYSTEM32\WINSPOOL.DRV
[0302/231415.127:ERROR:process_memory_win.cc(73)] ReadMemory at 0x7ffc7d110000 of 64 bytes failed: Only part of a ReadProcessMemory or WriteProcessMemory request was completed. (0x12B)
[0302/231415.127:WARNING:pe_image_reader.cc(340)] could not read dos header from C:\WINDOWS\System32\kernel.appcore.dll
[0302/231415.127:ERROR:process_memory_win.cc(73)] ReadMemory at 0x7ffc7e1e0000 of 64 bytes failed: Only part of a ReadProcessMemory or WriteProcessMemory request was completed. (0x12B)
[0302/231415.127:WARNING:pe_image_reader.cc(340)] could not read dos header from C:\WINDOWS\System32\bcrypt.dll
[0302/231415.127:ERROR:process_memory_win.cc(73)] ReadMemory at 0x7ffc70f00000 of 64 bytes failed: Only part of a ReadProcessMemory or WriteProcessMemory request was completed. (0x12B)
[0302/231415.127:WARNING:pe_image_reader.cc(340)] could not read dos header from C:\WINDOWS\SYSTEM32\dbghelp.dll
[0302/231415.129:ERROR:process_memory_win.cc(73)] ReadMemory at 0x7ffc73240000 of 64 bytes failed: Only part of a ReadProcessMemory or WriteProcessMemory request was completed. (0x12B)
[0302/231415.129:WARNING:pe_image_reader.cc(340)] could not read dos header from C:\WINDOWS\SYSTEM32\WINHTTP.dll
[0302/231415.129:ERROR:process_memory_win.cc(73)] ReadMemory at 0x7ffc77e90000 of 64 bytes failed: Only part of a ReadProcessMemory or WriteProcessMemory request was completed. (0x12B)
[0302/231415.129:WARNING:pe_image_reader.cc(340)] could not read dos header from C:\WINDOWS\SYSTEM32\dhcpcsvc.DLL
[0302/231415.129:ERROR:process_memory_win.cc(73)] ReadMemory at 0x7ffc7fe80000 of 64 bytes failed: Only part of a ReadProcessMemory or WriteProcessMemory request was completed. (0x12B)
[0302/231415.129:WARNING:pe_image_reader.cc(340)] could not read dos header from C:\WINDOWS\System32\NSI.dll
[0302/231415.129:ERROR:process_memory_win.cc(73)] ReadMemory at 0x7ffc7ae70000 of 64 bytes failed: Only part of a ReadProcessMemory or WriteProcessMemory request was completed. (0x12B)
[0302/231415.129:WARNING:pe_image_reader.cc(340)] could not read dos header from C:\WINDOWS\SYSTEM32\WINMMBASE.dll
[0302/231415.129:ERROR:process_memory_win.cc(73)] ReadMemory at 0x7ffc7d760000 of 64 bytes failed: Only part of a ReadProcessMemory or WriteProcessMemory request was completed. (0x12B)
[0302/231415.129:WARNING:pe_image_reader.cc(340)] could not read dos header from C:\WINDOWS\System32\cfgmgr32.dll
[0302/231415.129:ERROR:process_memory_win.cc(73)] ReadMemory at 0x7ffc6f740000 of 64 bytes failed: Only part of a ReadProcessMemory or WriteProcessMemory request was completed. (0x12B)
[0302/231415.129:WARNING:pe_image_reader.cc(340)] could not read dos header from C:\WINDOWS\SYSTEM32\Bcp47Langs.dll
[0302/231415.129:ERROR:process_memory_win.cc(73)] ReadMemory at 0x7ffc7a790000 of 64 bytes failed: Only part of a ReadProcessMemory or WriteProcessMemory request was completed. (0x12B)
[0302/231415.129:WARNING:pe_image_reader.cc(340)] could not read dos header from C:\WINDOWS\SYSTEM32\PROPSYS.dll
[0302/231415.129:ERROR:process_memory_win.cc(73)] ReadMemory at 0x7ffc80f90000 of 64 bytes failed: Only part of a ReadProcessMemory or WriteProcessMemory request was completed. (0x12B)
[0302/231415.129:WARNING:pe_image_reader.cc(340)] could not read dos header from C:\WINDOWS\System32\shcore.dll
[0302/231415.129:ERROR:process_memory_win.cc(73)] ReadMemory at 0x7ffc7d040000 of 64 bytes failed: Only part of a ReadProcessMemory or WriteProcessMemory request was completed. (0x12B)
[0302/231415.129:WARNING:pe_image_reader.cc(340)] could not read dos header from C:\WINDOWS\SYSTEM32\SSPICLI.DLL
[0302/231415.129:ERROR:process_memory_win.cc(73)] ReadMemory at 0x7ffc7cb50000 of 64 bytes failed: Only part of a ReadProcessMemory or WriteProcessMemory request was completed. (0x12B)
[0302/231415.129:WARNING:pe_image_reader.cc(340)] could not read dos header from C:\WINDOWS\SYSTEM32\CRYPTBASE.DLL
[0302/231415.414:ERROR:process_memory_win.cc(73)] ReadMemory at 0x89f8ff4000 of 49152 bytes failed: Only part of a ReadProcessMemory or WriteProcessMemory request was completed. (0x12B)
[0302/231415.418:ERROR:process_memory_win.cc(73)] ReadMemory at 0x89f97fd000 of 12288 bytes failed: Only part of a ReadProcessMemory or WriteProcessMemory request was completed. (0x12B)
[0302/231415.418:ERROR:process_memory_win.cc(73)] ReadMemory at 0x89fa7fc000 of 16384 bytes failed: Only part of a ReadProcessMemory or WriteProcessMemory request was completed. (0x12B)
[0302/231415.418:ERROR:process_memory_win.cc(73)] ReadMemory at 0x89faffc000 of 16384 bytes failed: Only part of a ReadProcessMemory or WriteProcessMemory request was completed. (0x12B)
[0302/231415.418:ERROR:process_memory_win.cc(73)] ReadMemory at 0x89fb7fe000 of 8192 bytes failed: Only part of a ReadProcessMemory or WriteProcessMemory request was completed. (0x12B)
[0302/231415.418:ERROR:process_memory_win.cc(73)] ReadMemory at 0x89fbffd000 of 12288 bytes failed: Only part of a ReadProcessMemory or WriteProcessMemory request was completed. (0x12B)
[0302/231415.418:ERROR:process_memory_win.cc(73)] ReadMemory at 0x89fc7fb000 of 20480 bytes failed: Only part of a ReadProcessMemory or WriteProcessMemory request was completed. (0x12B)
[0302/231415.418:ERROR:process_memory_win.cc(73)] ReadMemory at 0x89fd7fd000 of 12288 bytes failed: Only part of a ReadProcessMemory or WriteProcessMemory request was completed. (0x12B)
[0302/231415.418:ERROR:process_memory_win.cc(73)] ReadMemory at 0x89fdff8000 of 32768 bytes failed: Only part of a ReadProcessMemory or WriteProcessMemory request was completed. (0x12B)
[0302/231415.418:ERROR:process_memory_win.cc(73)] ReadMemory at 0x89fe7f6000 of 40960 bytes failed: Only part of a ReadProcessMemory or WriteProcessMemory request was completed. (0x12B)
[0302/231415.418:ERROR:process_memory_win.cc(73)] ReadMemory at 0x89feffd000 of 12288 bytes failed: Only part of a ReadProcessMemory or WriteProcessMemory request was completed. (0x12B)
[0302/231415.419:ERROR:process_memory_win.cc(73)] ReadMemory at 0x89ff7fc000 of 16384 bytes failed: Only part of a ReadProcessMemory or WriteProcessMemory request was completed. (0x12B)
[0302/231415.419:ERROR:process_memory_win.cc(73)] ReadMemory at 0x89f9ffd000 of 12288 bytes failed: Only part of a ReadProcessMemory or WriteProcessMemory request was completed. (0x12B)
[0302/231415.419:ERROR:process_memory_win.cc(73)] ReadMemory at 0x89fcffc000 of 16384 bytes failed: Only part of a ReadProcessMemory or WriteProcessMemory request was completed. (0x12B)
[0302/231415.419:ERROR:process_memory_win.cc(73)] ReadMemory at 0x89ffffc000 of 16384 bytes failed: Only part of a ReadProcessMemory or WriteProcessMemory request was completed. (0x12B)
[0302/231415.419:ERROR:process_memory_win.cc(73)] ReadMemory at 0x89807fe000 of 8192 bytes failed: Only part of a ReadProcessMemory or WriteProcessMemory request was completed. (0x12B)
[0302/231415.689:ERROR:process_memory_win.cc(73)] ReadMemory at 0x89f8652000 of 852 bytes failed: Only part of a ReadProcessMemory or WriteProcessMemory request was completed. (0x12B)
[0302/231415.690:ERROR:process_memory_win.cc(73)] ReadMemory at 0x89f8653000 of 6024 bytes failed: Only part of a ReadProcessMemory or WriteProcessMemory request was completed. (0x12B)
[0302/231415.690:ERROR:process_memory_win.cc(73)] ReadMemory at 0x89f8655000 of 6024 bytes failed: Only part of a ReadProcessMemory or WriteProcessMemory request was completed. (0x12B)
[0302/231415.690:ERROR:process_memory_win.cc(73)] ReadMemory at 0x89f8659000 of 6024 bytes failed: Only part of a ReadProcessMemory or WriteProcessMemory request was completed. (0x12B)
[0302/231415.741:ERROR:process_memory_win.cc(73)] ReadMemory at 0x89f865b000 of 6024 bytes failed: Only part of a ReadProcessMemory or WriteProcessMemory request was completed. (0x12B)
[0302/231415.741:ERROR:process_memory_win.cc(73)] ReadMemory at 0x89f865d000 of 6024 bytes failed: Only part of a ReadProcessMemory or WriteProcessMemory request was completed. (0x12B)
[0302/231415.741:ERROR:process_memory_win.cc(73)] ReadMemory at 0x89f865f000 of 6024 bytes failed: Only part of a ReadProcessMemory or WriteProcessMemory request was completed. (0x12B)
[0302/231415.741:ERROR:process_memory_win.cc(73)] ReadMemory at 0x89f8661000 of 6024 bytes failed: Only part of a ReadProcessMemory or WriteProcessMemory request was completed. (0x12B)
[0302/231415.741:ERROR:process_memory_win.cc(73)] ReadMemory at 0x89f8665000 of 6024 bytes failed: Only part of a ReadProcessMemory or WriteProcessMemory request was completed. (0x12B)
[0302/231415.741:ERROR:process_memory_win.cc(73)] ReadMemory at 0x89f8667000 of 6024 bytes failed: Only part of a ReadProcessMemory or WriteProcessMemory request was completed. (0x12B)
[0302/231415.741:ERROR:process_memory_win.cc(73)] ReadMemory at 0x89f8669000 of 6024 bytes failed: Only part of a ReadProcessMemory or WriteProcessMemory request was completed. (0x12B)
[0302/231415.742:ERROR:process_memory_win.cc(73)] ReadMemory at 0x89f866b000 of 6024 bytes failed: Only part of a ReadProcessMemory or WriteProcessMemory request was completed. (0x12B)
[0302/231415.742:ERROR:process_memory_win.cc(73)] ReadMemory at 0x89f866f000 of 6024 bytes failed: Only part of a ReadProcessMemory or WriteProcessMemory request was completed. (0x12B)
[0302/231415.742:ERROR:process_memory_win.cc(73)] ReadMemory at 0x89f8671000 of 6024 bytes failed: Only part of a ReadProcessMemory or WriteProcessMemory request was completed. (0x12B)
[0302/231415.742:ERROR:process_memory_win.cc(73)] ReadMemory at 0x89f8673000 of 6024 bytes failed: Only part of a ReadProcessMemory or WriteProcessMemory request was completed. (0x12B)
[0302/231415.742:ERROR:process_memory_win.cc(73)] ReadMemory at 0x89f8675000 of 6024 bytes failed: Only part of a ReadProcessMemory or WriteProcessMemory request was completed. (0x12B)
[0302/231415.742:ERROR:process_memory_win.cc(73)] ReadMemory at 0x89f8677000 of 6024 bytes failed: Only part of a ReadProcessMemory or WriteProcessMemory request was completed. (0x12B)
[0302/231415.742:ERROR:process_memory_win.cc(73)] ReadMemory at 0x23201258540 of 512 bytes failed: Only part of a ReadProcessMemory or WriteProcessMemory request was completed. (0x12B)
[0302/231415.742:ERROR:process_memory_win.cc(73)] ReadMemory at 0x23273120fe0 of 13090 bytes failed: Only part of a ReadProcessMemory or WriteProcessMemory request was completed. (0x12B)
[0302/231415.743:ERROR:process_memory_win.cc(73)] ReadMemory at 0x23273124310 of 1012 bytes failed: Only part of a ReadProcessMemory or WriteProcessMemory request was completed. (0x12B)
[0302/231415.743:ERROR:process_memory_win.cc(73)] ReadMemory at 0x23273124938 of 118 bytes failed: Only part of a ReadProcessMemory or WriteProcessMemory request was completed. (0x12B)
[0302/231416.166:ERROR:process_memory_win.cc(73)] ReadMemory at 0x232731249b0 of 752 bytes failed: Only part of a ReadProcessMemory or WriteProcessMemory request was completed. (0x12B)
[0302/231416.166:ERROR:process_memory_win.cc(73)] ReadMemory at 0x23273124ca2 of 118 bytes failed: Only part of a ReadProcessMemory or WriteProcessMemory request was completed. (0x12B)
[0302/231416.166:ERROR:process_memory_win.cc(73)] ReadMemory at 0x23273124d1a of 96 bytes failed: Only part of a ReadProcessMemory or WriteProcessMemory request was completed. (0x12B)
[0302/231416.166:ERROR:process_memory_win.cc(73)] ReadMemory at 0x23273124d90 of 58 bytes failed: Only part of a ReadProcessMemory or WriteProcessMemory request was completed. (0x12B)
[0302/231416.166:ERROR:process_memory_win.cc(73)] ReadMemory at 0x23273124e90 of 132 bytes failed: Only part of a ReadProcessMemory or WriteProcessMemory request was completed. (0x12B)
[0302/231416.270:ERROR:process_memory_win.cc(73)] ReadMemory at 0x23273125020 of 132 bytes failed: Only part of a ReadProcessMemory or WriteProcessMemory request was completed. (0x12B)
[0302/231416.270:ERROR:process_memory_win.cc(73)] ReadMemory at 0x232731251e0 of 126 bytes failed: Only part of a ReadProcessMemory or WriteProcessMemory request was completed. (0x12B)
[0302/231416.275:ERROR:process_memory_win.cc(73)] ReadMemory at 0x232731255c0 of 132 bytes failed: Only part of a ReadProcessMemory or WriteProcessMemory request was completed. (0x12B)
[0302/231416.275:ERROR:process_memory_win.cc(73)] ReadMemory at 0x23273125750 of 64 bytes failed: Only part of a ReadProcessMemory or WriteProcessMemory request was completed. (0x12B)
[0302/231416.275:ERROR:process_memory_win.cc(73)] ReadMemory at 0x232731257a0 of 132 bytes failed: Only part of a ReadProcessMemory or WriteProcessMemory request was completed. (0x12B)
[0302/231416.275:ERROR:process_memory_win.cc(73)] ReadMemory at 0x23273125910 of 132 bytes failed: Only part of a ReadProcessMemory or WriteProcessMemory request was completed. (0x12B)
[0302/231416.275:ERROR:process_memory_win.cc(73)] ReadMemory at 0x23273125bb0 of 132 bytes failed: Only part of a ReadProcessMemory or WriteProcessMemory request was completed. (0x12B)
[0302/231416.484:ERROR:process_memory_win.cc(73)] ReadMemory at 0x23273125d40 of 68 bytes failed: Only part of a ReadProcessMemory or WriteProcessMemory request was completed. (0x12B)
[0302/231416.484:ERROR:process_memory_win.cc(73)] ReadMemory at 0x23273126d00 of 132 bytes failed: Only part of a ReadProcessMemory or WriteProcessMemory request was completed. (0x12B)
[0302/231416.484:ERROR:process_memory_win.cc(73)] ReadMemory at 0x23273126e90 of 154 bytes failed: Only part of a ReadProcessMemory or WriteProcessMemory request was completed. (0x12B)
[0302/231416.484:ERROR:process_memory_win.cc(73)] ReadMemory at 0x23273129b30 of 62 bytes failed: Only part of a ReadProcessMemory or WriteProcessMemory request was completed. (0x12B)
[0302/231416.484:ERROR:process_memory_win.cc(73)] ReadMemory at 0x23273129c60 of 132 bytes failed: Only part of a ReadProcessMemory or WriteProcessMemory request was completed. (0x12B)
[0302/231416.484:ERROR:process_memory_win.cc(73)] ReadMemory at 0x23273129df0 of 60 bytes failed: Only part of a ReadProcessMemory or WriteProcessMemory request was completed. (0x12B)
[0302/231416.484:ERROR:process_memory_win.cc(73)] ReadMemory at 0x2327312cfc0 of 132 bytes failed: Only part of a ReadProcessMemory or WriteProcessMemory request was completed. (0x12B)
[0302/231416.484:ERROR:process_memory_win.cc(73)] ReadMemory at 0x2327312d0f0 of 132 bytes failed: Only part of a ReadProcessMemory or WriteProcessMemory request was completed. (0x12B)
[0302/231416.485:ERROR:process_memory_win.cc(73)] ReadMemory at 0x2327312d280 of 80 bytes failed: Only part of a ReadProcessMemory or WriteProcessMemory request was completed. (0x12B)
[0302/231416.485:ERROR:process_memory_win.cc(73)] ReadMemory at 0x2327312d4c0 of 64 bytes failed: Only part of a ReadProcessMemory or WriteProcessMemory request was completed. (0x12B)
[0302/231416.486:ERROR:process_memory_win.cc(73)] ReadMemory at 0x2327312d560 of 66 bytes failed: Only part of a ReadProcessMemory or WriteProcessMemory request was completed. (0x12B)
[0302/231416.486:ERROR:process_memory_win.cc(73)] ReadMemory at 0x2327312d600 of 60 bytes failed: Only part of a ReadProcessMemory or WriteProcessMemory request was completed. (0x12B)
[0302/231416.486:ERROR:process_memory_win.cc(73)] ReadMemory at 0x2327312d6f0 of 62 bytes failed: Only part of a ReadProcessMemory or WriteProcessMemory request was completed. (0x12B)
[0302/231416.486:ERROR:process_memory_win.cc(73)] ReadMemory at 0x2327312d970 of 60 bytes failed: Only part of a ReadProcessMemory or WriteProcessMemory request was completed. (0x12B)
[0302/231416.486:ERROR:process_memory_win.cc(73)] ReadMemory at 0x2327312da60 of 64 bytes failed: Only part of a ReadProcessMemory or WriteProcessMemory request was completed. (0x12B)
[0302/231416.486:ERROR:process_memory_win.cc(73)] ReadMemory at 0x2327312dab0 of 64 bytes failed: Only part of a ReadProcessMemory or WriteProcessMemory request was completed. (0x12B)
[0302/231416.506:ERROR:process_memory_win.cc(73)] ReadMemory at 0x2327312db00 of 62 bytes failed: Only part of a ReadProcessMemory or WriteProcessMemory request was completed. (0x12B)
[0302/231416.506:ERROR:process_memory_win.cc(73)] ReadMemory at 0x2327312db50 of 64 bytes failed: Only part of a ReadProcessMemory or WriteProcessMemory request was completed. (0x12B)
[0302/231416.507:ERROR:process_memory_win.cc(73)] ReadMemory at 0x2327312e210 of 80 bytes failed: Only part of a ReadProcessMemory or WriteProcessMemory request was completed. (0x12B)
[0302/231416.507:ERROR:process_memory_win.cc(73)] ReadMemory at 0x2327312e9f0 of 76 bytes failed: Only part of a ReadProcessMemory or WriteProcessMemory request was completed. (0x12B)
[0302/231416.507:ERROR:process_memory_win.cc(73)] ReadMemory at 0x23273130e30 of 146 bytes failed: Only part of a ReadProcessMemory or WriteProcessMemory request was completed. (0x12B)
[0302/231416.507:ERROR:process_memory_win.cc(73)] ReadMemory at 0x23273132f70 of 54 bytes failed: Only part of a ReadProcessMemory or WriteProcessMemory request was completed. (0x12B)
[0302/231416.507:ERROR:process_memory_win.cc(73)] ReadMemory at 0x23273133450 of 132 bytes failed: Only part of a ReadProcessMemory or WriteProcessMemory request was completed. (0x12B)
[0302/231416.507:ERROR:process_memory_win.cc(73)] ReadMemory at 0x23273134550 of 132 bytes failed: Only part of a ReadProcessMemory or WriteProcessMemory request was completed. (0x12B)
[0302/231416.507:ERROR:process_memory_win.cc(73)] ReadMemory at 0x23273134a20 of 132 bytes failed: Only part of a ReadProcessMemory or WriteProcessMemory request was completed. (0x12B)
[0302/231416.507:ERROR:process_memory_win.cc(73)] ReadMemory at 0x23273134d70 of 132 bytes failed: Only part of a ReadProcessMemory or WriteProcessMemory request was completed. (0x12B)
[0302/231416.507:ERROR:process_memory_win.cc(73)] ReadMemory at 0x23273134ea0 of 132 bytes failed: Only part of a ReadProcessMemory or WriteProcessMemory request was completed. (0x12B)
[0302/231416.507:ERROR:process_memory_win.cc(73)] ReadMemory at 0x23273136510 of 132 bytes failed: Only part of a ReadProcessMemory or WriteProcessMemory request was completed. (0x12B)
[0302/231416.508:ERROR:process_memory_win.cc(73)] ReadMemory at 0x23273136870 of 132 bytes failed: Only part of a ReadProcessMemory or WriteProcessMemory request was completed. (0x12B)
[0302/231416.508:ERROR:process_memory_win.cc(73)] ReadMemory at 0x232731384c0 of 132 bytes failed: Only part of a ReadProcessMemory or WriteProcessMemory request was completed. (0x12B)
[0302/231416.508:ERROR:process_memory_win.cc(73)] ReadMemory at 0x232731385f0 of 132 bytes failed: Only part of a ReadProcessMemory or WriteProcessMemory request was completed. (0x12B)
[0302/231416.508:ERROR:process_memory_win.cc(73)] ReadMemory at 0x23273138720 of 132 bytes failed: Only part of a ReadProcessMemory or WriteProcessMemory request was completed. (0x12B)
[0302/231416.508:ERROR:process_memory_win.cc(73)] ReadMemory at 0x23273138850 of 132 bytes failed: Only part of a ReadProcessMemory or WriteProcessMemory request was completed. (0x12B)
[0302/231416.508:ERROR:process_memory_win.cc(73)] ReadMemory at 0x23273138980 of 132 bytes failed: Only part of a ReadProcessMemory or WriteProcessMemory request was completed. (0x12B)
[0302/231416.508:ERROR:process_memory_win.cc(73)] ReadMemory at 0x23273138ab0 of 132 bytes failed: Only part of a ReadProcessMemory or WriteProcessMemory request was completed. (0x12B)
[0302/231416.508:ERROR:process_memory_win.cc(73)] ReadMemory at 0x23273138be0 of 132 bytes failed: Only part of a ReadProcessMemory or WriteProcessMemory request was completed. (0x12B)
[0302/231416.508:ERROR:process_memory_win.cc(73)] ReadMemory at 0x23273138d10 of 132 bytes failed: Only part of a ReadProcessMemory or WriteProcessMemory request was completed. (0x12B)
[0302/231416.508:ERROR:process_memory_win.cc(73)] ReadMemory at 0x23273138e40 of 132 bytes failed: Only part of a ReadProcessMemory or WriteProcessMemory request was completed. (0x12B)
[0302/231416.509:ERROR:process_memory_win.cc(73)] ReadMemory at 0x23273138f70 of 132 bytes failed: Only part of a ReadProcessMemory or WriteProcessMemory request was completed. (0x12B)
[0302/231416.509:ERROR:process_memory_win.cc(73)] ReadMemory at 0x232731390a0 of 132 bytes failed: Only part of a ReadProcessMemory or WriteProcessMemory request was completed. (0x12B)
[0302/231416.509:ERROR:process_memory_win.cc(73)] ReadMemory at 0x23273139300 of 132 bytes failed: Only part of a ReadProcessMemory or WriteProcessMemory request was completed. (0x12B)
[0302/231416.509:ERROR:process_memory_win.cc(73)] ReadMemory at 0x23273139520 of 66 bytes failed: Only part of a ReadProcessMemory or WriteProcessMemory request was completed. (0x12B)
[0302/231416.509:ERROR:process_memory_win.cc(73)] ReadMemory at 0x23273139570 of 60 bytes failed: Only part of a ReadProcessMemory or WriteProcessMemory request was completed. (0x12B)
[0302/231416.509:ERROR:process_memory_win.cc(73)] ReadMemory at 0x23273139610 of 64 bytes failed: Only part of a ReadProcessMemory or WriteProcessMemory request was completed. (0x12B)
[0302/231416.509:ERROR:process_memory_win.cc(73)] ReadMemory at 0x23273139840 of 58 bytes failed: Only part of a ReadProcessMemory or WriteProcessMemory request was completed. (0x12B)
[0302/231416.509:ERROR:process_memory_win.cc(73)] ReadMemory at 0x232731398e0 of 62 bytes failed: Only part of a ReadProcessMemory or WriteProcessMemory request was completed. (0x12B)
[0302/231416.509:ERROR:process_memory_win.cc(73)] ReadMemory at 0x23273139930 of 60 bytes failed: Only part of a ReadProcessMemory or WriteProcessMemory request was completed. (0x12B)
[0302/231416.509:ERROR:process_memory_win.cc(73)] ReadMemory at 0x23273139980 of 62 bytes failed: Only part of a ReadProcessMemory or WriteProcessMemory request was completed. (0x12B)
[0302/231416.509:ERROR:process_memory_win.cc(73)] ReadMemory at 0x23273139a20 of 60 bytes failed: Only part of a ReadProcessMemory or WriteProcessMemory request was completed. (0x12B)
[0302/231416.536:ERROR:process_memory_win.cc(73)] ReadMemory at 0x23273139a70 of 62 bytes failed: Only part of a ReadProcessMemory or WriteProcessMemory request was completed. (0x12B)
[0302/231416.536:ERROR:process_memory_win.cc(73)] ReadMemory at 0x23273139bb0 of 62 bytes failed: Only part of a ReadProcessMemory or WriteProcessMemory request was completed. (0x12B)
[0302/231416.536:ERROR:process_memory_win.cc(73)] ReadMemory at 0x23273139c50 of 64 bytes failed: Only part of a ReadProcessMemory or WriteProcessMemory request was completed. (0x12B)
[0302/231416.536:ERROR:process_memory_win.cc(73)] ReadMemory at 0x23273139ca0 of 62 bytes failed: Only part of a ReadProcessMemory or WriteProcessMemory request was completed. (0x12B)
[0302/231416.536:ERROR:process_memory_win.cc(73)] ReadMemory at 0x23273139cf0 of 60 bytes failed: Only part of a ReadProcessMemory or WriteProcessMemory request was completed. (0x12B)
[0302/231416.537:ERROR:process_memory_win.cc(73)] ReadMemory at 0x23273139d90 of 62 bytes failed: Only part of a ReadProcessMemory or WriteProcessMemory request was completed. (0x12B)
[0302/231416.537:ERROR:process_memory_win.cc(73)] ReadMemory at 0x23273139e80 of 62 bytes failed: Only part of a ReadProcessMemory or WriteProcessMemory request was completed. (0x12B)
[0302/231416.537:ERROR:process_memory_win.cc(73)] ReadMemory at 0x23273139ed0 of 64 bytes failed: Only part of a ReadProcessMemory or WriteProcessMemory request was completed. (0x12B)
[0302/231416.568:ERROR:process_memory_win.cc(73)] ReadMemory at 0x2327313a060 of 64 bytes failed: Only part of a ReadProcessMemory or WriteProcessMemory request was completed. (0x12B)
[0302/231416.568:ERROR:process_memory_win.cc(73)] ReadMemory at 0x2327313a100 of 68 bytes failed: Only part of a ReadProcessMemory or WriteProcessMemory request was completed. (0x12B)
[0302/231416.568:ERROR:process_memory_win.cc(73)] ReadMemory at 0x2327313a1f0 of 62 bytes failed: Only part of a ReadProcessMemory or WriteProcessMemory request was completed. (0x12B)
[0302/231416.568:ERROR:process_memory_win.cc(73)] ReadMemory at 0x2327313a4e0 of 132 bytes failed: Only part of a ReadProcessMemory or WriteProcessMemory request was completed. (0x12B)
[0302/231416.568:ERROR:process_memory_win.cc(73)] ReadMemory at 0x2327313a610 of 132 bytes failed: Only part of a ReadProcessMemory or WriteProcessMemory request was completed. (0x12B)
[0302/231416.568:ERROR:process_memory_win.cc(73)] ReadMemory at 0x2327313a740 of 132 bytes failed: Only part of a ReadProcessMemory or WriteProcessMemory request was completed. (0x12B)
[0302/231416.589:ERROR:process_memory_win.cc(73)] ReadMemory at 0x2327313a9a0 of 132 bytes failed: Only part of a ReadProcessMemory or WriteProcessMemory request was completed. (0x12B)
[0302/231416.589:ERROR:process_memory_win.cc(73)] ReadMemory at 0x2327313af90 of 132 bytes failed: Only part of a ReadProcessMemory or WriteProcessMemory request was completed. (0x12B)
[0302/231416.589:ERROR:process_memory_win.cc(73)] ReadMemory at 0x2327313b0c0 of 132 bytes failed: Only part of a ReadProcessMemory or WriteProcessMemory request was completed. (0x12B)
[0302/231416.738:ERROR:process_memory_win.cc(73)] ReadMemory at 0x2327313b1f0 of 132 bytes failed: Only part of a ReadProcessMemory or WriteProcessMemory request was completed. (0x12B)
[0302/231416.739:ERROR:process_memory_win.cc(73)] ReadMemory at 0x2327313b320 of 132 bytes failed: Only part of a ReadProcessMemory or WriteProcessMemory request was completed. (0x12B)
[0302/231416.739:ERROR:process_memory_win.cc(73)] ReadMemory at 0x2327313b450 of 132 bytes failed: Only part of a ReadProcessMemory or WriteProcessMemory request was completed. (0x12B)
[0302/231416.739:ERROR:process_memory_win.cc(73)] ReadMemory at 0x2327313bf00 of 132 bytes failed: Only part of a ReadProcessMemory or WriteProcessMemory request was completed. (0x12B)
[0302/231416.739:ERROR:process_memory_win.cc(73)] ReadMemory at 0x2327313c160 of 132 bytes failed: Only part of a ReadProcessMemory or WriteProcessMemory request was completed. (0x12B)
[0302/231416.739:ERROR:process_memory_win.cc(73)] ReadMemory at 0x2327313dfc0 of 512 bytes failed: Only part of a ReadProcessMemory or WriteProcessMemory request was completed. (0x12B)
[0302/231416.739:ERROR:process_memory_win.cc(73)] ReadMemory at 0x23273154970 of 512 bytes failed: Only part of a ReadProcessMemory or WriteProcessMemory request was completed. (0x12B)
[0302/231416.739:ERROR:process_memory_win.cc(73)] ReadMemory at 0x23273290e80 of 512 bytes failed: Only part of a ReadProcessMemory or WriteProcessMemory request was completed. (0x12B)
[0302/231416.739:ERROR:process_memory_win.cc(73)] ReadMemory at 0x23273506ac8 of 512 bytes failed: Only part of a ReadProcessMemory or WriteProcessMemory request was completed. (0x12B)
[0302/231416.739:ERROR:process_memory_win.cc(73)] ReadMemory at 0x23273524ca0 of 611 bytes failed: Only part of a ReadProcessMemory or WriteProcessMemory request was completed. (0x12B)
[0302/231416.740:ERROR:process_memory_win.cc(73)] ReadMemory at 0x23273530850 of 512 bytes failed: Only part of a ReadProcessMemory or WriteProcessMemory request was completed. (0x12B)
[0302/231416.740:ERROR:process_memory_win.cc(73)] ReadMemory at 0x2327353d350 of 712 bytes failed: Only part of a ReadProcessMemory or WriteProcessMemory request was completed. (0x12B)
[0302/231416.756:ERROR:process_memory_win.cc(73)] ReadMemory at 0x23273547da8 of 512 bytes failed: Only part of a ReadProcessMemory or WriteProcessMemory request was completed. (0x12B)
[0302/231416.756:ERROR:process_memory_win.cc(73)] ReadMemory at 0x23273562380 of 512 bytes failed: Only part of a ReadProcessMemory or WriteProcessMemory request was completed. (0x12B)
[0302/231416.756:ERROR:process_memory_win.cc(73)] ReadMemory at 0x2327356e0f0 of 512 bytes failed: Only part of a ReadProcessMemory or WriteProcessMemory request was completed. (0x12B)
[0302/231416.756:ERROR:process_memory_win.cc(73)] ReadMemory at 0x232735837b0 of 512 bytes failed: Only part of a ReadProcessMemory or WriteProcessMemory request was completed. (0x12B)
[0302/231416.756:ERROR:process_memory_win.cc(73)] ReadMemory at 0x2327359c1c4 of 512 bytes failed: Only part of a ReadProcessMemory or WriteProcessMemory request was completed. (0x12B)
[0302/231416.830:ERROR:process_memory_win.cc(73)] ReadMemory at 0x232735cb3e0 of 512 bytes failed: Only part of a ReadProcessMemory or WriteProcessMemory request was completed. (0x12B)
[0302/231416.830:ERROR:process_memory_win.cc(73)] ReadMemory at 0x23275424940 of 512 bytes failed: Only part of a ReadProcessMemory or WriteProcessMemory request was completed. (0x12B)
[0302/231416.830:ERROR:process_memory_win.cc(73)] ReadMemory at 0x23275480e48 of 512 bytes failed: Only part of a ReadProcessMemory or WriteProcessMemory request was completed. (0x12B)
[0302/231416.830:ERROR:process_memory_win.cc(73)] ReadMemory at 0x23275482168 of 512 bytes failed: Only part of a ReadProcessMemory or WriteProcessMemory request was completed. (0x12B)
[0302/231416.830:ERROR:process_memory_win.cc(73)] ReadMemory at 0x23275482798 of 512 bytes failed: Only part of a ReadProcessMemory or WriteProcessMemory request was completed. (0x12B)
[0302/231416.830:ERROR:process_memory_win.cc(73)] ReadMemory at 0x23275b147b0 of 512 bytes failed: Only part of a ReadProcessMemory or WriteProcessMemory request was completed. (0x12B)
[0302/231416.830:ERROR:process_memory_win.cc(73)] ReadMemory at 0x2327bbdbfc0 of 512 bytes failed: Only part of a ReadProcessMemory or WriteProcessMemory request was completed. (0x12B)
[0302/231416.830:ERROR:process_memory_win.cc(73)] ReadMemory at 0x2327bc3f1e0 of 512 bytes failed: Only part of a ReadProcessMemory or WriteProcessMemory request was completed. (0x12B)
[0302/231416.830:ERROR:process_memory_win.cc(73)] ReadMemory at 0x3b2700000000 of 384 bytes failed: Only part of a ReadProcessMemory or WriteProcessMemory request was completed. (0x12B)
[0302/231416.831:ERROR:process_memory_win.cc(73)] ReadMemory at 0x3b2708040285 of 832 bytes failed: Only part of a ReadProcessMemory or WriteProcessMemory request was completed. (0x12B)
[0302/231416.831:ERROR:process_memory_win.cc(73)] ReadMemory at 0x3b27082aeda9 of 792 bytes failed: Only part of a ReadProcessMemory or WriteProcessMemory request was completed. (0x12B)
[0302/231416.831:ERROR:process_memory_win.cc(73)] ReadMemory at 0x3b270e8f3d10 of 512 bytes failed: Only part of a ReadProcessMemory or WriteProcessMemory request was completed. (0x12B)
[0302/231416.831:ERROR:process_memory_win.cc(73)] ReadMemory at 0x3b270e8fff80 of 512 bytes failed: Only part of a ReadProcessMemory or WriteProcessMemory request was completed. (0x12B)
[0302/231416.909:ERROR:process_memory_win.cc(73)] ReadMemory at 0x3b27229cf0e5 of 512 bytes failed: Only part of a ReadProcessMemory or WriteProcessMemory request was completed. (0x12B)
[0302/231416.910:ERROR:process_memory_win.cc(73)] ReadMemory at 0x3b2722aebe0c of 513 bytes failed: Only part of a ReadProcessMemory or WriteProcessMemory request was completed. (0x12B)
[0302/231416.910:ERROR:process_memory_win.cc(73)] ReadMemory at 0x3b2722b1358c of 512 bytes failed: Only part of a ReadProcessMemory or WriteProcessMemory request was completed. (0x12B)
[0302/231416.910:ERROR:process_memory_win.cc(73)] ReadMemory at 0x3b2722d8c9d8 of 516 bytes failed: Only part of a ReadProcessMemory or WriteProcessMemory request was completed. (0x12B)
[0302/231416.910:ERROR:process_memory_win.cc(73)] ReadMemory at 0x7ffc3620fda6 of 512 bytes failed: Only part of a ReadProcessMemory or WriteProcessMemory request was completed. (0x12B)
[0302/231416.910:ERROR:process_memory_win.cc(73)] ReadMemory at 0x7ffc362139e5 of 512 bytes failed: Only part of a ReadProcessMemory or WriteProcessMemory request was completed. (0x12B)
[0302/231416.910:ERROR:process_memory_win.cc(73)] ReadMemory at 0x7ffc36216cae of 512 bytes failed: Only part of a ReadProcessMemory or WriteProcessMemory request was completed. (0x12B)
[0302/231416.910:ERROR:process_memory_win.cc(73)] ReadMemory at 0x7ffc3abdfe3a of 512 bytes failed: Only part of a ReadProcessMemory or WriteProcessMemory request was completed. (0x12B)
[0302/231416.910:ERROR:process_memory_win.cc(73)] ReadMemory at 0x7ffc3af8f950 of 512 bytes failed: Only part of a ReadProcessMemory or WriteProcessMemory request was completed. (0x12B)
[0302/231416.910:ERROR:process_memory_win.cc(73)] ReadMemory at 0x7ffc3affe21a of 512 bytes failed: Only part of a ReadProcessMemory or WriteProcessMemory request was completed. (0x12B)
[0302/231416.911:ERROR:process_memory_win.cc(73)] ReadMemory at 0x7ffc6a937a8d of 512 bytes failed: Only part of a ReadProcessMemory or WriteProcessMemory request was completed. (0x12B)
[0302/231416.911:ERROR:process_memory_win.cc(73)] ReadMemory at 0x7ffc6a938285 of 512 bytes failed: Only part of a ReadProcessMemory or WriteProcessMemory request was completed. (0x12B)
[0302/231416.911:ERROR:process_memory_win.cc(73)] ReadMemory at 0x7ffc8116ff00 of 512 bytes failed: Only part of a ReadProcessMemory or WriteProcessMemory request was completed. (0x12B)
[0302/231416.933:ERROR:process_memory_win.cc(73)] ReadMemory at 0x7ffc811bf764 of 672 bytes failed: Only part of a ReadProcessMemory or WriteProcessMemory request was completed. (0x12B)
[0302/231416.933:ERROR:process_memory_win.cc(73)] ReadMemory at 0x7ffc811c2ff4 of 608 bytes failed: Only part of a ReadProcessMemory or WriteProcessMemory request was completed. (0x12B)
[0302/231416.933:ERROR:process_memory_win.cc(73)] ReadMemory at 0x7ffc8124c0c8 of 18 bytes failed: Only part of a ReadProcessMemory or WriteProcessMemory request was completed. (0x12B)
[0302/231416.933:ERROR:process_memory_win.cc(73)] ReadMemory at 0x7ffc8127f4f8 of 40 bytes failed: Only part of a ReadProcessMemory or WriteProcessMemory request was completed. (0x12B)
[0302/231416.934:ERROR:process_memory_win.cc(73)] ReadMemory at 0x7ffc8127f978 of 48 bytes failed: Only part of a ReadProcessMemory or WriteProcessMemory request was completed. (0x12B)
[0302/231416.934:ERROR:process_memory_win.cc(73)] ReadMemory at 0x7ffc812853a0 of 64 bytes failed: Only part of a ReadProcessMemory or WriteProcessMemory request was completed. (0x12B)
[0302/231417.494:ERROR:scoped_process_suspend.cc(40)] NtResumeProcess: An attempt was made to access an exiting process. (0xc000010a)
